  [1m[35m (166.6ms)[0m  [1m[35mCREATE DATABASE "star_do_development" ENCODING = 'unicode'[0m
  [1m[35m (60.4ms)[0m  [1m[35mCREATE DATABASE "star_do_test" ENCODING = 'unicode'[0m
Started GET "/" for ::1 at 2020-08-23 14:32:36 -0700
Processing by Rails::WelcomeController#index as HTML
  Rendering /Users/chantelle/.rvm/gems/ruby-2.7.0/gems/railties-6.0.3.2/lib/rails/templates/rails/welcome/index.html.erb
  Rendered /Users/chantelle/.rvm/gems/ruby-2.7.0/gems/railties-6.0.3.2/lib/rails/templates/rails/welcome/index.html.erb (Duration: 6.7ms | Allocations: 409)
Completed 200 OK in 19ms (Views: 11.5ms | ActiveRecord: 0.0ms | Allocations: 2387)


  [1m[35m (45.2ms)[0m  [1m[35mCREATE TABLE "schema_migrations" ("version" character varying NOT NULL PRIMARY KEY)[0m
  [1m[35m (10.9ms)[0m  [1m[35mCREATE TABLE "ar_internal_metadata" ("key" character varying NOT NULL PRIMARY KEY, "value" character varying, "created_at" timestamp(6) NOT NULL, "updated_at" timestamp(6) NOT NULL)[0m
  [1m[35m (1.2ms)[0m  [1m[34mSELECT pg_try_advisory_lock(8148945271765847220)[0m
  [1m[35m (0.7ms)[0m  [1m[34mSELECT "schema_migrations"."version" FROM "schema_migrations" ORDER BY "schema_migrations"."version" ASC[0m
Migrating to CreateRooms (20200823213737)
  [1m[35m (0.2ms)[0m  [1m[35mBEGIN[0m
  [1m[35m (11.1ms)[0m  [1m[35mCREATE TABLE "rooms" ("id" bigserial primary key, "name" character varying, "reward" character varying, "created_at" timestamp(6) NOT NULL, "updated_at" timestamp(6) NOT NULL)[0m
  [1m[36mprimary::SchemaMigration Create (4.1ms)[0m  [1m[32mINSERT INTO "schema_migrations" ("version") VALUES ($1) RETURNING "version"[0m  [["version", "20200823213737"]]
  [1m[35m (0.4ms)[0m  [1m[35mCOMMIT[0m
Migrating to CreateBundles (20200823213806)
  [1m[35m (0.5ms)[0m  [1m[35mBEGIN[0m
  [1m[35m (7.0ms)[0m  [1m[35mCREATE TABLE "bundles" ("id" bigserial primary key, "name" character varying, "reward" character varying, "room_id" integer, "created_at" timestamp(6) NOT NULL, "updated_at" timestamp(6) NOT NULL)[0m
  [1m[36mprimary::SchemaMigration Create (0.3ms)[0m  [1m[32mINSERT INTO "schema_migrations" ("version") VALUES ($1) RETURNING "version"[0m  [["version", "20200823213806"]]
  [1m[35m (5.4ms)[0m  [1m[35mCOMMIT[0m
Migrating to CreateItems (20200823213904)
  [1m[35m (0.2ms)[0m  [1m[35mBEGIN[0m
  [1m[35m (7.7ms)[0m  [1m[35mCREATE TABLE "items" ("id" bigserial primary key, "name" character varying, "type" character varying, "purchase" boolean, "location" character varying, "time" character varying, "weather" character varying, "season" character varying, "quantity" integer, "note" text, "bundle_id" integer, "created_at" timestamp(6) NOT NULL, "updated_at" timestamp(6) NOT NULL)[0m
  [1m[36mprimary::SchemaMigration Create (0.3ms)[0m  [1m[32mINSERT INTO "schema_migrations" ("version") VALUES ($1) RETURNING "version"[0m  [["version", "20200823213904"]]
  [1m[35m (0.3ms)[0m  [1m[35mCOMMIT[0m
  [1m[36mActiveRecord::InternalMetadata Load (1.1ms)[0m  [1m[34mSELECT "ar_internal_metadata".* FROM "ar_internal_metadata" WHERE "ar_internal_metadata"."key" = $1 LIMIT $2[0m  [["key", "environment"], ["LIMIT", 1]]
  [1m[35m (0.2ms)[0m  [1m[35mBEGIN[0m
  [1m[36mActiveRecord::InternalMetadata Create (3.4ms)[0m  [1m[32mINSERT INTO "ar_internal_metadata" ("key", "value", "created_at", "updated_at") VALUES ($1, $2, $3, $4) RETURNING "key"[0m  [["key", "environment"], ["value", "development"], ["created_at", "2020-08-23 21:42:19.318151"], ["updated_at", "2020-08-23 21:42:19.318151"]]
  [1m[35m (0.3ms)[0m  [1m[35mCOMMIT[0m
  [1m[35m (0.3ms)[0m  [1m[34mSELECT pg_advisory_unlock(8148945271765847220)[0m
  [1m[35m (1.5ms)[0m  [1m[34mSELECT "schema_migrations"."version" FROM "schema_migrations" ORDER BY "schema_migrations"."version" ASC[0m
  [1m[35m (1.0ms)[0m  [1m[34mSELECT "schema_migrations"."version" FROM "schema_migrations" ORDER BY "schema_migrations"."version" ASC[0m
  [1m[35m (0.1ms)[0m  [1m[35mBEGIN[0m
  [1m[36mRoom Create (2.3ms)[0m  [1m[32mINSERT INTO "rooms" ("name", "reward", "created_at", "updated_at") VALUES ($1, $2, $3, $4) RETURNING "id"[0m  [["name", "Crafts"], ["reward", "Bridge Repair"], ["created_at", "2020-08-23 21:59:50.568145"], ["updated_at", "2020-08-23 21:59:50.568145"]]
  [1m[35m (0.3ms)[0m  [1m[35mCOMMIT[0m
  [1m[35m (0.1ms)[0m  [1m[35mBEGIN[0m
  [1m[36mRoom Create (0.2ms)[0m  [1m[32mINSERT INTO "rooms" ("name", "reward", "created_at", "updated_at") VALUES ($1, $2, $3, $4) RETURNING "id"[0m  [["name", "Pantry"], ["reward", "Greenhouse"], ["created_at", "2020-08-23 21:59:50.574409"], ["updated_at", "2020-08-23 21:59:50.574409"]]
  [1m[35m (0.2ms)[0m  [1m[35mCOMMIT[0m
  [1m[35m (0.1ms)[0m  [1m[35mBEGIN[0m
  [1m[36mRoom Create (0.3ms)[0m  [1m[32mINSERT INTO "rooms" ("name", "reward", "created_at", "updated_at") VALUES ($1, $2, $3, $4) RETURNING "id"[0m  [["name", "Fish Tank"], ["reward", "Glittering Boulder Removed"], ["created_at", "2020-08-23 21:59:50.577648"], ["updated_at", "2020-08-23 21:59:50.577648"]]
  [1m[35m (0.3ms)[0m  [1m[35mCOMMIT[0m
  [1m[35m (0.2ms)[0m  [1m[35mBEGIN[0m
  [1m[36mRoom Create (0.4ms)[0m  [1m[32mINSERT INTO "rooms" ("name", "reward", "created_at", "updated_at") VALUES ($1, $2, $3, $4) RETURNING "id"[0m  [["name", "Boiler"], ["reward", "Minecarts Repair"], ["created_at", "2020-08-23 21:59:50.582196"], ["updated_at", "2020-08-23 21:59:50.582196"]]
  [1m[35m (0.2ms)[0m  [1m[35mCOMMIT[0m
  [1m[35m (0.1ms)[0m  [1m[35mBEGIN[0m
  [1m[36mRoom Create (0.3ms)[0m  [1m[32mINSERT INTO "rooms" ("name", "reward", "created_at", "updated_at") VALUES ($1, $2, $3, $4) RETURNING "id"[0m  [["name", "Bulletin Board"], ["reward", "Friendship"], ["created_at", "2020-08-23 21:59:50.586508"], ["updated_at", "2020-08-23 21:59:50.586508"]]
  [1m[35m (0.2ms)[0m  [1m[35mCOMMIT[0m
  [1m[35m (0.2ms)[0m  [1m[35mBEGIN[0m
  [1m[36mRoom Create (0.7ms)[0m  [1m[32mINSERT INTO "rooms" ("name", "reward", "created_at", "updated_at") VALUES ($1, $2, $3, $4) RETURNING "id"[0m  [["name", "Vault"], ["reward", "Bus Repair"], ["created_at", "2020-08-23 21:59:50.596626"], ["updated_at", "2020-08-23 21:59:50.596626"]]
  [1m[35m (0.3ms)[0m  [1m[35mCOMMIT[0m
  [1m[35m (0.1ms)[0m  [1m[35mBEGIN[0m
  [1m[36mRoom Create (0.3ms)[0m  [1m[32mINSERT INTO "rooms" ("name", "reward", "created_at", "updated_at") VALUES ($1, $2, $3, $4) RETURNING "id"[0m  [["name", "Abandoned JojaMart"], ["reward", "Movie Theater"], ["created_at", "2020-08-23 21:59:50.601233"], ["updated_at", "2020-08-23 21:59:50.601233"]]
  [1m[35m (0.3ms)[0m  [1m[35mCOMMIT[0m
  [1m[36mRoom Load (1.5ms)[0m  [1m[34mSELECT "rooms".* FROM "rooms" LIMIT $1[0m  [["LIMIT", 11]]
Started GET "/" for ::1 at 2020-08-23 15:01:01 -0700
  [1m[35m (0.8ms)[0m  [1m[34mSELECT "schema_migrations"."version" FROM "schema_migrations" ORDER BY "schema_migrations"."version" ASC[0m
Processing by Rails::WelcomeController#index as HTML
  Rendering /Users/chantelle/.rvm/gems/ruby-2.7.0/gems/railties-6.0.3.2/lib/rails/templates/rails/welcome/index.html.erb
  Rendered /Users/chantelle/.rvm/gems/ruby-2.7.0/gems/railties-6.0.3.2/lib/rails/templates/rails/welcome/index.html.erb (Duration: 14.0ms | Allocations: 295)
Completed 200 OK in 22ms (Views: 16.7ms | ActiveRecord: 0.0ms | Allocations: 1673)


Started GET "/rooms" for ::1 at 2020-08-23 15:01:52 -0700
  [1m[35m (0.8ms)[0m  [1m[34mSELECT "schema_migrations"."version" FROM "schema_migrations" ORDER BY "schema_migrations"."version" ASC[0m
Processing by RoomsController#index as HTML
  Rendering rooms/index.html.erb within layouts/application
  [1m[36mRoom Load (0.5ms)[0m  [1m[34mSELECT "rooms".* FROM "rooms"[0m
  ↳ app/views/rooms/index.html.erb:15
  Rendered rooms/index.html.erb within layouts/application (Duration: 24.7ms | Allocations: 5011)
[Webpacker] Compiling...
[Webpacker] Compiled all packs in /Users/chantelle/Desktop/star-do-valley/star_do/public/packs
[Webpacker] Hash: 15d1bb7b54cf6326b9ba
Version: webpack 4.44.1
Time: 1590ms
Built at: 08/23/2020 3:01:56 PM
                                     Asset       Size       Chunks                         Chunk Names
    js/application-9afcbb5693aa87623e69.js    124 KiB  application  [emitted] [immutable]  application
js/application-9afcbb5693aa87623e69.js.map    139 KiB  application  [emitted] [dev]        application
                             manifest.json  364 bytes               [emitted]              
Entrypoint application = js/application-9afcbb5693aa87623e69.js js/application-9afcbb5693aa87623e69.js.map
[./app/javascript/channels sync recursive _channel\.js$] ./app/javascript/channels sync _channel\.js$ 160 bytes {application} [built]
[./app/javascript/channels/index.js] 211 bytes {application} [built]
[./app/javascript/packs/application.js] 749 bytes {application} [built]
[./node_modules/webpack/buildin/module.js] (webpack)/buildin/module.js 552 bytes {application} [built]
    + 3 hidden modules

Completed 200 OK in 3477ms (Views: 3460.8ms | ActiveRecord: 6.7ms | Allocations: 34537)


Started GET "/bundles" for ::1 at 2020-08-23 15:02:27 -0700
Processing by BundlesController#index as HTML
  Rendering bundles/index.html.erb within layouts/application
  [1m[36mBundle Load (4.3ms)[0m  [1m[34mSELECT "bundles".* FROM "bundles"[0m
  ↳ app/views/bundles/index.html.erb:16
  Rendered bundles/index.html.erb within layouts/application (Duration: 8.6ms | Allocations: 1283)
[Webpacker] Everything's up-to-date. Nothing to do
Completed 200 OK in 23ms (Views: 9.4ms | ActiveRecord: 6.0ms | Allocations: 7365)


Started GET "/bundles/new" for ::1 at 2020-08-23 15:02:31 -0700
Processing by BundlesController#new as HTML
  Rendering bundles/new.html.erb within layouts/application
  Rendered bundles/_form.html.erb (Duration: 17.4ms | Allocations: 4573)
  Rendered bundles/new.html.erb within layouts/application (Duration: 18.7ms | Allocations: 4912)
[Webpacker] Everything's up-to-date. Nothing to do
Completed 200 OK in 35ms (Views: 24.9ms | ActiveRecord: 3.3ms | Allocations: 11947)


